<?xml version="1.0" encoding="UTF-8"?>
<testng-results skipped="0" failed="0" total="1" passed="1">
  <reporter-output>
  </reporter-output>
  <suite name="verify pagee" duration-ms="16640" started-at="2020-05-01T07:53:13Z" finished-at="2020-05-01T07:53:29Z">
    <groups>
    </groups>
    <test name="facebook Homepage test" duration-ms="16640" started-at="2020-05-01T07:53:13Z" finished-at="2020-05-01T07:53:29Z">
      <class name="com.selenium.basic.InvokeBrowserAuto">
        <test-method status="PASS" signature="OpenBrowser(java.lang.String)[pri:0, instance:com.selenium.basic.InvokeBrowserAuto@4439f31e]" name="OpenBrowser" is-config="true" duration-ms="6792" started-at="2020-05-01T13:23:13Z" finished-at="2020-05-01T13:23:20Z">
          <params>
            <param index="0">
              <value>
                <![CDATA[chrome]]>
              </value>
            </param>
          </params>
          <reporter-output>
          </reporter-output>
        </test-method> <!-- OpenBrowser -->
        <test-method status="PASS" signature="verifyFaceBookHomePage()[pri:0, instance:com.selenium.basic.InvokeBrowserAuto@4439f31e]" name="verifyFaceBookHomePage" duration-ms="8901" started-at="2020-05-01T13:23:20Z" finished-at="2020-05-01T13:23:29Z">
          <reporter-output>
          </reporter-output>
        </test-method> <!-- verifyFaceBookHomePage -->
        <test-method status="PASS" signature="quitBrowser()[pri:0, instance:com.selenium.basic.InvokeBrowserAuto@4439f31e]" name="quitBrowser" is-config="true" duration-ms="907" started-at="2020-05-01T13:23:29Z" finished-at="2020-05-01T13:23:29Z">
          <reporter-output>
          </reporter-output>
        </test-method> <!-- quitBrowser -->
      </class> <!-- com.selenium.basic.InvokeBrowserAuto -->
    </test> <!-- facebook Homepage test -->
  </suite> <!-- verify pagee -->
</testng-results>
